# JRE version: Java(TM) SE Runtime Environment (8.0_121-b13) (build 1.8.0_121-b13)
# Java VM: Java HotSpot(TM) 64-Bit Server VM (25.121-b13 mixed mode windows-amd64 compressed oops)
Heap:
 PSYoungGen      total 76288K, used 6858K [0x000000076b380000, 0x0000000770880000, 0x00000007c0000000)
  eden space 65536K, 6% used [0x000000076b380000,0x000000076b7bb9a0,0x000000076f380000)
  from space 10752K, 23% used [0x000000076fe00000,0x0000000770077198,0x0000000770880000)
  to   space 10752K, 0% used [0x000000076f380000,0x000000076f380000,0x000000076fe00000)
 ParOldGen       total 175104K, used 32792K [0x00000006c1a00000, 0x00000006cc500000, 0x000000076b380000)
  object space 175104K, 18% used [0x00000006c1a00000,0x00000006c3a06010,0x00000006cc500000)
 Metaspace       used 11098K, capacity 11210K, committed 11520K, reserved 1058816K
  class space    used 1139K, capacity 1212K, committed 1280K, reserved 1048576K
GC Heap History (4 events):
Event: 2.246 GC heap before
{Heap before GC invocations=1 (full 0):
 PSYoungGen      total 76288K, used 51260K [0x000000076b380000, 0x0000000770880000, 0x00000007c0000000)
  eden space 65536K, 78% used [0x000000076b380000,0x000000076e58f078,0x000000076f380000)
  from space 10752K, 0% used [0x000000076fe00000,0x000000076fe00000,0x0000000770880000)
  to   space 10752K, 0% used [0x000000076f380000,0x000000076f380000,0x000000076fe00000)
 ParOldGen       total 175104K, used 32768K [0x00000006c1a00000, 0x00000006cc500000, 0x000000076b380000)
  object space 175104K, 18% used [0x00000006c1a00000,0x00000006c3a00010,0x00000006cc500000)
 Metaspace       used 10667K, capacity 10794K, committed 11008K, reserved 1058816K
  class space    used 1126K, capacity 1180K, committed 1280K, reserved 1048576K
Event: 2.249 GC heap after
Heap after GC invocations=1 (full 0):
 PSYoungGen      total 76288K, used 3668K [0x000000076b380000, 0x0000000770880000, 0x00000007c0000000)
  eden space 65536K, 0% used [0x000000076b380000,0x000000076b380000,0x000000076f380000)
  from space 10752K, 34% used [0x000000076f380000,0x000000076f7151d8,0x000000076fe00000)
  to   space 10752K, 0% used [0x000000076fe00000,0x000000076fe00000,0x0000000770880000)
 ParOldGen       total 175104K, used 32784K [0x00000006c1a00000, 0x00000006cc500000, 0x000000076b380000)
  object space 175104K, 18% used [0x00000006c1a00000,0x00000006c3a04010,0x00000006cc500000)
 Metaspace       used 10667K, capacity 10794K, committed 11008K, reserved 1058816K
  class space    used 1126K, capacity 1180K, committed 1280K, reserved 1048576K
}
Event: 10.323 GC heap before
{Heap before GC invocations=2 (full 0):
 PSYoungGen      total 76288K, used 69204K [0x000000076b380000, 0x0000000770880000, 0x00000007c0000000)
  eden space 65536K, 100% used [0x000000076b380000,0x000000076f380000,0x000000076f380000)
  from space 10752K, 34% used [0x000000076f380000,0x000000076f7151d8,0x000000076fe00000)
  to   space 10752K, 0% used [0x000000076fe00000,0x000000076fe00000,0x0000000770880000)
 ParOldGen       total 175104K, used 32784K [0x00000006c1a00000, 0x00000006cc500000, 0x000000076b380000)
  object space 175104K, 18% used [0x00000006c1a00000,0x00000006c3a04010,0x00000006cc500000)
 Metaspace       used 11071K, capacity 11210K, committed 11520K, reserved 1058816K
  class space    used 1135K, capacity 1212K, committed 1280K, reserved 1048576K
Event: 10.326 GC heap after
Heap after GC invocations=2 (full 0):
 PSYoungGen      total 76288K, used 2524K [0x000000076b380000, 0x0000000770880000, 0x00000007c0000000)
  eden space 65536K, 0% used [0x000000076b380000,0x000000076b380000,0x000000076f380000)
  from space 10752K, 23% used [0x000000076fe00000,0x0000000770077198,0x0000000770880000)
  to   space 10752K, 0% used [0x000000076f380000,0x000000076f380000,0x000000076fe00000)
 ParOldGen       total 175104K, used 32792K [0x00000006c1a00000, 0x00000006cc500000, 0x000000076b380000)
  object space 175104K, 18% used [0x00000006c1a00000,0x00000006c3a06010,0x00000006cc500000)
 Metaspace       used 11071K, capacity 11210K, committed 11520K, reserved 1058816K
  class space    used 1135K, capacity 1212K, committed 1280K, reserved 1048576K
}

